<?xml version="1.0" encoding="UTF-8"?>
<coverage generated="1780972676612" clover="3.2.0">
  <project timestamp="1780972676612" name="All files">
    <metrics statements="3" coveredstatements="1" conditionals="0" coveredconditionals="0" methods="0" coveredmethods="0" elements="3" coveredelements="1" complexity="0" loc="3" ncloc="3" packages="1" files="3" classes="3"/>
    <file name="index.ts" path="/Users/kooshapari/CodeProjects/Phenotype/repos/phenoDesign/src/index.ts">
      <metrics statements="0" coveredstatements="0" conditionals="0" coveredconditionals="0" methods="0" coveredmethods="0"/>
    </file>
    <file name="tokens.ts" path="/Users/kooshapari/CodeProjects/Phenotype/repos/phenoDesign/src/tokens.ts">
      <metrics statements="1" coveredstatements="1" conditionals="0" coveredconditionals="0" methods="0" coveredmethods="0"/>
      <line num="8" count="2" type="stmt"/>
    </file>
    <file name="vitepress.ts" path="/Users/kooshapari/CodeProjects/Phenotype/repos/phenoDesign/src/vitepress.ts">
      <metrics statements="2" coveredstatements="0" conditionals="0" coveredconditionals="0" methods="0" coveredmethods="0"/>
      <line num="15" count="0" type="stmt"/>
      <line num="20" count="0" type="stmt"/>
    </file>
  </project>
</coverage>
