{"/Users/kooshapari/CodeProjects/Phenotype/repos/phenoDesign/src/index.ts": {"path":"/Users/kooshapari/CodeProjects/Phenotype/repos/phenoDesign/src/index.ts","statementMap":{},"fnMap":{},"branchMap":{},"s":{},"f":{},"b":{},"meta":{"lastBranch":0,"lastFunction":0,"lastStatement":0,"seen":{}}}
,"/Users/kooshapari/CodeProjects/Phenotype/repos/phenoDesign/src/tokens.ts": {"path":"/Users/kooshapari/CodeProjects/Phenotype/repos/phenoDesign/src/tokens.ts","statementMap":{"0":{"start":{"line":8,"column":22},"end":{"line":46,"column":null}}},"fnMap":{},"branchMap":{},"s":{"0":2},"f":{},"b":{},"meta":{"lastBranch":0,"lastFunction":0,"lastStatement":1,"seen":{"s:8:22:46:Infinity":0}}}
,"/Users/kooshapari/CodeProjects/Phenotype/repos/phenoDesign/src/vitepress.ts": {"path":"/Users/kooshapari/CodeProjects/Phenotype/repos/phenoDesign/src/vitepress.ts","statementMap":{"0":{"start":{"line":15,"column":38},"end":{"line":18,"column":null}},"1":{"start":{"line":20,"column":31},"end":{"line":26,"column":null}}},"fnMap":{},"branchMap":{},"s":{"0":0,"1":0},"f":{},"b":{},"meta":{"lastBranch":0,"lastFunction":0,"lastStatement":2,"seen":{"s:15:38:18:Infinity":0,"s:20:31:26:Infinity":1}}}
}
